GROUP,PACKAGE,CLASS,INSTRUCTION_MISSED,INSTRUCTION_COVERED,BRANCH_MISSED,BRANCH_COVERED,LINE_MISSED,LINE_COVERED,COMPLEXITY_MISSED,COMPLEXITY_COVERED,METHOD_MISSED,METHOD_COVERED
EC2-ChristianRojas,cslab,Blockudoku,535,31,70,4,89,6,41,4,6,2
EC2-ChristianRojas,cslab.makeImages,BarImage,46,0,2,0,9,0,3,0,2,0
EC2-ChristianRojas,cslab.makeImages,BarChartMonitor,20,0,0,0,6,0,2,0,2,0
EC2-ChristianRojas,cslab.makeImages,PieChartMonitor,20,0,0,0,6,0,2,0,2,0
EC2-ChristianRojas,cslab.makeImages,PieImage,55,0,2,0,13,0,3,0,2,0
EC2-ChristianRojas,cslab.makeImages,Subject,46,0,0,0,10,0,2,0,2,0
