<?xml version="1.0" encoding="UTF-8"?>
<!-- Generated by org.testng.reporters.JUnitXMLReporter -->
<testsuite ignored="0" hostname="christian-System" failures="1" tests="2" name="Surefire test" time="0.048" errors="0" timestamp="2020-12-23T11:55:17 PET">
  <testcase classname="cslab.BlockudokuTest" name="testCase0" time="0.016"/>
  <testcase classname="cslab.BlockudokuTest" name="testCase1" time="0.0">
    <failure type="java.lang.ArrayIndexOutOfBoundsException" message="Index 8 out of bounds for length 8">
      <![CDATA[java.lang.ArrayIndexOutOfBoundsException: Index 8 out of bounds for length 8
at cslab.Blockudoku.getPiece(Blockudoku.java:26)
at cslab.BlockudokuTest.getPieceTest(BlockudokuTest.java:59)
at cslab.BlockudokuTest.testCase1(BlockudokuTest.java:18)
... Removed 30 stack frames]]>
    </failure>
  </testcase> <!-- testCase1 -->
</testsuite> <!-- Surefire test -->
