-------------------------------------------------------------------------------
Test set: cslab.BlockudokuTest
-------------------------------------------------------------------------------
Tests run: 2, Failures: 1, Errors: 0, Skipped: 0, Time elapsed: 0.289 s <<< FAILURE! - in cslab.BlockudokuTest
testCase1(cslab.BlockudokuTest)  Time elapsed: 0.007 s  <<< FAILURE!
java.lang.ArrayIndexOutOfBoundsException: Index 8 out of bounds for length 8
	at cslab.BlockudokuTest.getPieceTest(BlockudokuTest.java:59)
	at cslab.BlockudokuTest.testCase1(BlockudokuTest.java:18)

