<?xml version="1.0" encoding="UTF-8"?>
<testng-results ignored="0" total="1" passed="1" failed="0" skipped="0">
  <reporter-output>
  </reporter-output>
  <suite started-at="2020-12-23T11:42:48 PET" name="Surefire suite" finished-at="2020-12-23T11:42:48 PET" duration-ms="40">
    <groups>
    </groups>
    <test started-at="2020-12-23T11:42:48 PET" name="Surefire test" finished-at="2020-12-23T11:42:48 PET" duration-ms="40">
      <class name="cslab.BlockudokuTest">
        <test-method signature="testCase0()[pri:0, instance:cslab.BlockudokuTest@35178483]" started-at="2020-12-23T11:42:48 PET" name="testCase0" finished-at="2020-12-23T11:42:48 PET" duration-ms="16" status="PASS">
          <reporter-output>
          </reporter-output>
        </test-method> <!-- testCase0 -->
      </class> <!-- cslab.BlockudokuTest -->
    </test> <!-- Surefire test -->
  </suite> <!-- Surefire suite -->
</testng-results>
